2025-05-28 23:58:06.029 | INFO     | __main__:main:323 - Loading data from CSV file
2025-05-28 23:58:06.197 | INFO     | __main__:main:329 - Loaded data shape: (172800, 9)
2025-05-28 23:58:06.223 | INFO     | __main__:main:342 - 
Processing feature: RPM
2025-05-28 23:58:06.286 | INFO     | __main__:train_models:111 - Training models for RPM
2025-05-28 23:58:06.290 | INFO     | __main__:train_models:121 - Training xgb for RPM
2025-05-28 23:58:06.994 | INFO     | __main__:train_models:121 - Training rf for RPM
2025-05-28 23:58:29.510 | INFO     | __main__:train_models:121 - Training lr for RPM
2025-05-28 23:58:29.541 | INFO     | __main__:train_models:137 - Completed training all models for RPM
2025-05-28 23:58:29.649 | INFO     | __main__:evaluate_models:171 - Selected top 2 models for RPM:
2025-05-28 23:58:29.649 | INFO     | __main__:evaluate_models:173 -   lr: MSE = 8510.1728, R² = 0.9367
2025-05-28 23:58:29.649 | INFO     | __main__:evaluate_models:173 -   xgb: MSE = 8578.8531, R² = 0.9362
2025-05-28 23:58:29.859 | INFO     | __main__:plot_predictions:307 - Prediction statistics for RPM (original scale):
2025-05-28 23:58:29.860 | INFO     | __main__:plot_predictions:316 -   lr:
2025-05-28 23:58:29.860 | INFO     | __main__:plot_predictions:318 -     r2_score: -221207219.3657
2025-05-28 23:58:29.860 | INFO     | __main__:plot_predictions:318 -     mse: 29760775586816.7109
2025-05-28 23:58:29.860 | INFO     | __main__:plot_predictions:318 -     mae: 5417557.9465
2025-05-28 23:58:29.860 | INFO     | __main__:plot_predictions:316 -   xgb:
2025-05-28 23:58:29.860 | INFO     | __main__:plot_predictions:318 -     r2_score: -221203491.3606
2025-05-28 23:58:29.861 | INFO     | __main__:plot_predictions:318 -     mse: 29760274028502.7734
2025-05-28 23:58:29.862 | INFO     | __main__:plot_predictions:318 -     mae: 5417566.7503
2025-05-28 23:58:29.862 | INFO     | __main__:generate_forecast:181 - Generating 20160-step forecast for RPM
2025-05-28 23:58:30.043 | INFO     | __main__:generate_forecast:207 - Generating forecast using lr model
2025-05-28 23:58:44.390 | INFO     | __main__:generate_forecast:256 - Forecast statistics for lr (original scale):
2025-05-28 23:58:44.390 | INFO     | __main__:generate_forecast:257 -   Mean: 2101.05
2025-05-28 23:58:44.390 | INFO     | __main__:generate_forecast:258 -   Std: 40.64
2025-05-28 23:58:44.390 | INFO     | __main__:generate_forecast:259 -   Min: 2100.11
2025-05-28 23:58:44.390 | INFO     | __main__:generate_forecast:260 -   Max: 3906.39
2025-05-28 23:58:44.390 | INFO     | __main__:generate_forecast:207 - Generating forecast using xgb model
2025-05-28 23:59:01.471 | INFO     | __main__:generate_forecast:256 - Forecast statistics for xgb (original scale):
2025-05-28 23:59:01.472 | INFO     | __main__:generate_forecast:257 -   Mean: 2558.46
2025-05-28 23:59:01.472 | INFO     | __main__:generate_forecast:258 -   Std: 3.39
2025-05-28 23:59:01.472 | INFO     | __main__:generate_forecast:259 -   Min: 2438.02
2025-05-28 23:59:01.472 | INFO     | __main__:generate_forecast:260 -   Max: 2564.39
2025-05-28 23:59:01.611 | INFO     | __main__:main:366 - Results for RPM:
2025-05-28 23:59:01.611 | INFO     | __main__:main:368 -   xgb:
2025-05-28 23:59:01.611 | INFO     | __main__:main:370 -     r2_score: 0.9362
2025-05-28 23:59:01.611 | INFO     | __main__:main:370 -     mse: 8578.8531
2025-05-28 23:59:01.612 | INFO     | __main__:main:370 -     mae: 74.0023
2025-05-28 23:59:01.612 | INFO     | __main__:main:368 -   rf:
2025-05-28 23:59:01.612 | INFO     | __main__:main:370 -     r2_score: 0.9358
2025-05-28 23:59:01.612 | INFO     | __main__:main:370 -     mse: 8643.1880
2025-05-28 23:59:01.612 | INFO     | __main__:main:370 -     mae: 74.2530
2025-05-28 23:59:01.612 | INFO     | __main__:main:368 -   lr:
2025-05-28 23:59:01.612 | INFO     | __main__:main:370 -     r2_score: 0.9367
2025-05-28 23:59:01.612 | INFO     | __main__:main:370 -     mse: 8510.1728
2025-05-28 23:59:01.612 | INFO     | __main__:main:370 -     mae: 73.7517
2025-05-28 23:59:01.612 | INFO     | __main__:main:342 - 
Processing feature: CylinderPressure
2025-05-28 23:59:01.669 | INFO     | __main__:train_models:111 - Training models for CylinderPressure
2025-05-28 23:59:01.672 | INFO     | __main__:train_models:121 - Training xgb for CylinderPressure
2025-05-28 23:59:02.163 | INFO     | __main__:train_models:121 - Training rf for CylinderPressure
2025-05-28 23:59:27.524 | INFO     | __main__:train_models:121 - Training lr for CylinderPressure
2025-05-28 23:59:27.554 | INFO     | __main__:train_models:137 - Completed training all models for CylinderPressure
2025-05-28 23:59:27.632 | INFO     | __main__:evaluate_models:171 - Selected top 2 models for CylinderPressure:
2025-05-28 23:59:27.632 | INFO     | __main__:evaluate_models:173 -   xgb: MSE = 7.6529, R² = 0.6694
2025-05-28 23:59:27.632 | INFO     | __main__:evaluate_models:173 -   rf: MSE = 7.7958, R² = 0.6632
2025-05-28 23:59:28.122 | INFO     | __main__:plot_predictions:307 - Prediction statistics for CylinderPressure (original scale):
2025-05-28 23:59:28.123 | INFO     | __main__:plot_predictions:316 -   xgb:
2025-05-28 23:59:28.123 | INFO     | __main__:plot_predictions:318 -     r2_score: -19855.1520
2025-05-28 23:59:28.123 | INFO     | __main__:plot_predictions:318 -     mse: 459615.0840
2025-05-28 23:59:28.123 | INFO     | __main__:plot_predictions:318 -     mae: 662.5920
2025-05-28 23:59:28.124 | INFO     | __main__:plot_predictions:316 -   rf:
2025-05-28 23:59:28.124 | INFO     | __main__:plot_predictions:318 -     r2_score: -19852.6526
2025-05-28 23:59:28.124 | INFO     | __main__:plot_predictions:318 -     mse: 459557.2281
2025-05-28 23:59:28.124 | INFO     | __main__:plot_predictions:318 -     mae: 662.7477
2025-05-28 23:59:28.124 | INFO     | __main__:generate_forecast:181 - Generating 20160-step forecast for CylinderPressure
2025-05-28 23:59:28.294 | INFO     | __main__:generate_forecast:207 - Generating forecast using xgb model
2025-05-28 23:59:46.459 | INFO     | __main__:generate_forecast:256 - Forecast statistics for xgb (original scale):
2025-05-28 23:59:46.460 | INFO     | __main__:generate_forecast:257 -   Mean: 18.16
2025-05-28 23:59:46.460 | INFO     | __main__:generate_forecast:258 -   Std: 0.07
2025-05-28 23:59:46.460 | INFO     | __main__:generate_forecast:259 -   Min: 17.82
2025-05-28 23:59:46.460 | INFO     | __main__:generate_forecast:260 -   Max: 21.53
2025-05-28 23:59:46.460 | INFO     | __main__:generate_forecast:207 - Generating forecast using rf model
2025-05-29 00:04:17.127 | INFO     | __main__:generate_forecast:256 - Forecast statistics for rf (original scale):
2025-05-29 00:04:17.128 | INFO     | __main__:generate_forecast:257 -   Mean: 17.95
2025-05-29 00:04:17.128 | INFO     | __main__:generate_forecast:258 -   Std: 0.00
2025-05-29 00:04:17.128 | INFO     | __main__:generate_forecast:259 -   Min: 17.94
2025-05-29 00:04:17.128 | INFO     | __main__:generate_forecast:260 -   Max: 18.02
2025-05-29 00:04:17.275 | INFO     | __main__:main:366 - Results for CylinderPressure:
2025-05-29 00:04:17.275 | INFO     | __main__:main:368 -   xgb:
2025-05-29 00:04:17.275 | INFO     | __main__:main:370 -     r2_score: 0.6694
2025-05-29 00:04:17.275 | INFO     | __main__:main:370 -     mse: 7.6529
2025-05-29 00:04:17.275 | INFO     | __main__:main:370 -     mae: 2.2028
2025-05-29 00:04:17.275 | INFO     | __main__:main:368 -   rf:
2025-05-29 00:04:17.275 | INFO     | __main__:main:370 -     r2_score: 0.6632
2025-05-29 00:04:17.275 | INFO     | __main__:main:370 -     mse: 7.7958
2025-05-29 00:04:17.275 | INFO     | __main__:main:370 -     mae: 2.2232
2025-05-29 00:04:17.275 | INFO     | __main__:main:368 -   lr:
2025-05-29 00:04:17.275 | INFO     | __main__:main:370 -     r2_score: 0.6387
2025-05-29 00:04:17.275 | INFO     | __main__:main:370 -     mse: 8.3628
2025-05-29 00:04:17.275 | INFO     | __main__:main:370 -     mae: 2.3094
2025-05-29 00:04:17.275 | INFO     | __main__:main:342 - 
Processing feature: BurnRate
2025-05-29 00:04:17.347 | INFO     | __main__:train_models:111 - Training models for BurnRate
2025-05-29 00:04:17.350 | INFO     | __main__:train_models:121 - Training xgb for BurnRate
2025-05-29 00:04:17.909 | INFO     | __main__:train_models:121 - Training rf for BurnRate
2025-05-29 00:04:39.878 | INFO     | __main__:train_models:121 - Training lr for BurnRate
2025-05-29 00:04:39.905 | INFO     | __main__:train_models:137 - Completed training all models for BurnRate
2025-05-29 00:04:39.993 | INFO     | __main__:evaluate_models:171 - Selected top 2 models for BurnRate:
2025-05-29 00:04:39.993 | INFO     | __main__:evaluate_models:173 -   xgb: MSE = 4.4551, R² = 0.6877
2025-05-29 00:04:39.993 | INFO     | __main__:evaluate_models:173 -   rf: MSE = 4.5238, R² = 0.6829
2025-05-29 00:04:40.944 | INFO     | __main__:plot_predictions:307 - Prediction statistics for BurnRate (original scale):
2025-05-29 00:04:40.945 | INFO     | __main__:plot_predictions:316 -   xgb:
2025-05-29 00:04:40.945 | INFO     | __main__:plot_predictions:318 -     r2_score: -186.1144
2025-05-29 00:04:40.945 | INFO     | __main__:plot_predictions:318 -     mse: 2669.0599
2025-05-29 00:04:40.945 | INFO     | __main__:plot_predictions:318 -     mae: 43.1001
2025-05-29 00:04:40.946 | INFO     | __main__:plot_predictions:316 -   rf:
2025-05-29 00:04:40.946 | INFO     | __main__:plot_predictions:318 -     r2_score: -185.6511
2025-05-29 00:04:40.946 | INFO     | __main__:plot_predictions:318 -     mse: 2662.4516
2025-05-29 00:04:40.946 | INFO     | __main__:plot_predictions:318 -     mae: 43.1292
2025-05-29 00:04:40.946 | INFO     | __main__:generate_forecast:181 - Generating 20160-step forecast for BurnRate
2025-05-29 00:04:41.122 | INFO     | __main__:generate_forecast:207 - Generating forecast using xgb model
2025-05-29 00:04:58.696 | INFO     | __main__:generate_forecast:256 - Forecast statistics for xgb (original scale):
2025-05-29 00:04:58.697 | INFO     | __main__:generate_forecast:257 -   Mean: 2.73
2025-05-29 00:04:58.697 | INFO     | __main__:generate_forecast:258 -   Std: 0.08
2025-05-29 00:04:58.697 | INFO     | __main__:generate_forecast:259 -   Min: 1.26
2025-05-29 00:04:58.697 | INFO     | __main__:generate_forecast:260 -   Max: 5.26
2025-05-29 00:04:58.697 | INFO     | __main__:generate_forecast:207 - Generating forecast using rf model
2025-05-29 00:12:00.558 | INFO     | __main__:main:317 - Loading data from CSV file
2025-05-29 00:12:00.724 | INFO     | __main__:main:323 - Loaded data shape: (172800, 9)
2025-05-29 00:12:00.750 | INFO     | __main__:main:336 - 
Processing feature: RPM
2025-05-29 00:12:00.796 | INFO     | __main__:train_models:108 - Training models for RPM
2025-05-29 00:12:00.798 | INFO     | __main__:train_models:118 - Training xgb for RPM
2025-05-29 00:12:01.310 | INFO     | __main__:train_models:118 - Training rf for RPM
2025-05-29 00:14:15.363 | INFO     | __main__:train_models:118 - Training lr for RPM
2025-05-29 00:14:15.394 | INFO     | __main__:train_models:134 - Completed training all models for RPM
2025-05-29 00:14:16.220 | INFO     | __main__:evaluate_models:167 - Selected top 2 models for RPM:
2025-05-29 00:14:16.220 | INFO     | __main__:evaluate_models:169 -   lr: MSE = 8510.5689, R² = 0.9367
2025-05-29 00:14:16.220 | INFO     | __main__:evaluate_models:169 -   xgb: MSE = 8720.6042, R² = 0.9352
2025-05-29 00:14:16.440 | INFO     | __main__:plot_predictions:301 - Prediction statistics for RPM (original scale):
2025-05-29 00:14:16.441 | INFO     | __main__:plot_predictions:310 -   lr:
2025-05-29 00:14:16.442 | INFO     | __main__:plot_predictions:312 -     r2_score: -221208221.4469
2025-05-29 00:14:16.442 | INFO     | __main__:plot_predictions:312 -     mse: 29760910404811.7734
2025-05-29 00:14:16.442 | INFO     | __main__:plot_predictions:312 -     mae: 5417570.1271
2025-05-29 00:14:16.442 | INFO     | __main__:plot_predictions:310 -   xgb:
2025-05-29 00:14:16.442 | INFO     | __main__:plot_predictions:312 -     r2_score: -221255450.7413
2025-05-29 00:14:16.442 | INFO     | __main__:plot_predictions:312 -     mse: 29767264539318.7500
2025-05-29 00:14:16.442 | INFO     | __main__:plot_predictions:312 -     mae: 5417944.8184
2025-05-29 00:14:16.443 | INFO     | __main__:generate_forecast:177 - Generating 20160-step forecast for RPM
2025-05-29 00:14:16.616 | INFO     | __main__:generate_forecast:203 - Generating forecast using lr model
2025-05-29 00:14:30.494 | INFO     | __main__:generate_forecast:251 - Forecast statistics for lr (original scale):
2025-05-29 00:14:30.494 | INFO     | __main__:generate_forecast:252 -   Mean: 2106.14
2025-05-29 00:14:30.494 | INFO     | __main__:generate_forecast:253 -   Std: 40.53
2025-05-29 00:14:30.494 | INFO     | __main__:generate_forecast:254 -   Min: 2100.11
2025-05-29 00:14:30.494 | INFO     | __main__:generate_forecast:255 -   Max: 3906.39
2025-05-29 00:14:30.494 | INFO     | __main__:generate_forecast:203 - Generating forecast using xgb model
2025-05-29 00:14:47.229 | INFO     | __main__:generate_forecast:251 - Forecast statistics for xgb (original scale):
2025-05-29 00:14:47.229 | INFO     | __main__:generate_forecast:252 -   Mean: 2672.65
2025-05-29 00:14:47.229 | INFO     | __main__:generate_forecast:253 -   Std: 11.17
2025-05-29 00:14:47.229 | INFO     | __main__:generate_forecast:254 -   Min: 2278.93
2025-05-29 00:14:47.229 | INFO     | __main__:generate_forecast:255 -   Max: 2675.64
2025-05-29 00:14:47.371 | INFO     | __main__:main:360 - Results for RPM:
2025-05-29 00:14:47.371 | INFO     | __main__:main:362 -   xgb:
2025-05-29 00:14:47.371 | INFO     | __main__:main:364 -     r2_score: 0.9352
2025-05-29 00:14:47.371 | INFO     | __main__:main:364 -     mse: 8720.6042
2025-05-29 00:14:47.371 | INFO     | __main__:main:364 -     mae: 74.4325
2025-05-29 00:14:47.371 | INFO     | __main__:main:362 -   rf:
2025-05-29 00:14:47.371 | INFO     | __main__:main:364 -     r2_score: 0.9343
2025-05-29 00:14:47.371 | INFO     | __main__:main:364 -     mse: 8836.6739
2025-05-29 00:14:47.371 | INFO     | __main__:main:364 -     mae: 74.9726
2025-05-29 00:14:47.371 | INFO     | __main__:main:362 -   lr:
2025-05-29 00:14:47.371 | INFO     | __main__:main:364 -     r2_score: 0.9367
2025-05-29 00:14:47.371 | INFO     | __main__:main:364 -     mse: 8510.5689
2025-05-29 00:14:47.371 | INFO     | __main__:main:364 -     mae: 73.7518
2025-05-29 00:14:47.371 | INFO     | __main__:main:336 - 
Processing feature: CylinderPressure
2025-05-29 00:14:47.431 | INFO     | __main__:train_models:108 - Training models for CylinderPressure
2025-05-29 00:14:47.432 | INFO     | __main__:train_models:118 - Training xgb for CylinderPressure
2025-05-29 00:14:47.853 | INFO     | __main__:train_models:118 - Training rf for CylinderPressure
2025-05-29 00:17:14.362 | INFO     | __main__:train_models:118 - Training lr for CylinderPressure
2025-05-29 00:17:14.390 | INFO     | __main__:train_models:134 - Completed training all models for CylinderPressure
2025-05-29 00:17:15.380 | INFO     | __main__:evaluate_models:167 - Selected top 2 models for CylinderPressure:
2025-05-29 00:17:15.380 | INFO     | __main__:evaluate_models:169 -   lr: MSE = 19.6711, R² = 0.1502
2025-05-29 00:17:15.380 | INFO     | __main__:evaluate_models:169 -   xgb: MSE = 20.2514, R² = 0.1251
2025-05-29 00:17:15.688 | INFO     | __main__:plot_predictions:301 - Prediction statistics for CylinderPressure (original scale):
2025-05-29 00:17:15.689 | INFO     | __main__:plot_predictions:310 -   lr:
2025-05-29 00:17:15.689 | INFO     | __main__:plot_predictions:312 -     r2_score: -19121.7282
2025-05-29 00:17:15.689 | INFO     | __main__:plot_predictions:312 -     mse: 442638.3479
2025-05-29 00:17:15.689 | INFO     | __main__:plot_predictions:312 -     mae: 661.9258
2025-05-29 00:17:15.690 | INFO     | __main__:plot_predictions:310 -   xgb:
2025-05-29 00:17:15.690 | INFO     | __main__:plot_predictions:312 -     r2_score: -19156.8698
2025-05-29 00:17:15.690 | INFO     | __main__:plot_predictions:312 -     mse: 443451.7794
2025-05-29 00:17:15.690 | INFO     | __main__:plot_predictions:312 -     mae: 661.8988
2025-05-29 00:17:15.691 | INFO     | __main__:generate_forecast:177 - Generating 20160-step forecast for CylinderPressure
2025-05-29 00:17:15.860 | INFO     | __main__:generate_forecast:203 - Generating forecast using lr model
2025-05-29 00:17:29.764 | INFO     | __main__:generate_forecast:251 - Forecast statistics for lr (original scale):
2025-05-29 00:17:29.764 | INFO     | __main__:generate_forecast:252 -   Mean: 11.56
2025-05-29 00:17:29.764 | INFO     | __main__:generate_forecast:253 -   Std: 7.12
2025-05-29 00:17:29.764 | INFO     | __main__:generate_forecast:254 -   Min: 6.96
2025-05-29 00:17:29.764 | INFO     | __main__:generate_forecast:255 -   Max: 38.15
2025-05-29 00:17:29.764 | INFO     | __main__:generate_forecast:203 - Generating forecast using xgb model
2025-05-29 00:17:46.459 | INFO     | __main__:generate_forecast:251 - Forecast statistics for xgb (original scale):
2025-05-29 00:17:46.459 | INFO     | __main__:generate_forecast:252 -   Mean: 12.20
2025-05-29 00:17:46.459 | INFO     | __main__:generate_forecast:253 -   Std: 0.72
2025-05-29 00:17:46.459 | INFO     | __main__:generate_forecast:254 -   Min: 10.81
2025-05-29 00:17:46.459 | INFO     | __main__:generate_forecast:255 -   Max: 14.98
2025-05-29 00:17:46.642 | INFO     | __main__:main:360 - Results for CylinderPressure:
2025-05-29 00:17:46.642 | INFO     | __main__:main:362 -   xgb:
2025-05-29 00:17:46.642 | INFO     | __main__:main:364 -     r2_score: 0.1251
2025-05-29 00:17:46.642 | INFO     | __main__:main:364 -     mse: 20.2514
2025-05-29 00:17:46.642 | INFO     | __main__:main:364 -     mae: 3.6801
2025-05-29 00:17:46.642 | INFO     | __main__:main:362 -   rf:
2025-05-29 00:17:46.642 | INFO     | __main__:main:364 -     r2_score: 0.1243
2025-05-29 00:17:46.642 | INFO     | __main__:main:364 -     mse: 20.2693
2025-05-29 00:17:46.642 | INFO     | __main__:main:364 -     mae: 3.6870
2025-05-29 00:17:46.642 | INFO     | __main__:main:362 -   lr:
2025-05-29 00:17:46.642 | INFO     | __main__:main:364 -     r2_score: 0.1502
2025-05-29 00:17:46.642 | INFO     | __main__:main:364 -     mse: 19.6711
2025-05-29 00:17:46.643 | INFO     | __main__:main:364 -     mae: 3.6389
2025-05-29 00:17:46.643 | INFO     | __main__:main:336 - 
Processing feature: BurnRate
2025-05-29 00:17:46.687 | INFO     | __main__:train_models:108 - Training models for BurnRate
2025-05-29 00:17:46.688 | INFO     | __main__:train_models:118 - Training xgb for BurnRate
2025-05-29 00:17:47.096 | INFO     | __main__:train_models:118 - Training rf for BurnRate
2025-05-29 00:20:10.787 | INFO     | __main__:train_models:118 - Training lr for BurnRate
2025-05-29 00:20:10.814 | INFO     | __main__:train_models:134 - Completed training all models for BurnRate
2025-05-29 00:20:11.757 | INFO     | __main__:evaluate_models:167 - Selected top 2 models for BurnRate:
2025-05-29 00:20:11.757 | INFO     | __main__:evaluate_models:169 -   lr: MSE = 12.1917, R² = 0.1453
2025-05-29 00:20:11.757 | INFO     | __main__:evaluate_models:169 -   xgb: MSE = 12.5366, R² = 0.1211
2025-05-29 00:20:12.155 | INFO     | __main__:plot_predictions:301 - Prediction statistics for BurnRate (original scale):
2025-05-29 00:20:12.157 | INFO     | __main__:plot_predictions:310 -   lr:
2025-05-29 00:20:12.157 | INFO     | __main__:plot_predictions:312 -     r2_score: -143.4669
2025-05-29 00:20:12.157 | INFO     | __main__:plot_predictions:312 -     mse: 2060.7231
2025-05-29 00:20:12.157 | INFO     | __main__:plot_predictions:312 -     mae: 43.3610
2025-05-29 00:20:12.158 | INFO     | __main__:plot_predictions:310 -   xgb:
2025-05-29 00:20:12.158 | INFO     | __main__:plot_predictions:312 -     r2_score: -146.4388
2025-05-29 00:20:12.158 | INFO     | __main__:plot_predictions:312 -     mse: 2103.1152
2025-05-29 00:20:12.158 | INFO     | __main__:plot_predictions:312 -     mae: 43.4501
2025-05-29 00:20:12.158 | INFO     | __main__:generate_forecast:177 - Generating 20160-step forecast for BurnRate
2025-05-29 00:20:12.325 | INFO     | __main__:generate_forecast:203 - Generating forecast using lr model
2025-05-29 00:20:26.239 | INFO     | __main__:generate_forecast:251 - Forecast statistics for lr (original scale):
2025-05-29 00:20:26.239 | INFO     | __main__:generate_forecast:252 -   Mean: 0.32
2025-05-29 00:20:26.239 | INFO     | __main__:generate_forecast:253 -   Std: 1.42
2025-05-29 00:20:26.239 | INFO     | __main__:generate_forecast:254 -   Min: 0.00
2025-05-29 00:20:26.239 | INFO     | __main__:generate_forecast:255 -   Max: 10.08
2025-05-29 00:20:26.239 | INFO     | __main__:generate_forecast:203 - Generating forecast using xgb model
2025-05-29 00:20:42.872 | INFO     | __main__:generate_forecast:251 - Forecast statistics for xgb (original scale):
2025-05-29 00:20:42.872 | INFO     | __main__:generate_forecast:252 -   Mean: 1.03
2025-05-29 00:20:42.872 | INFO     | __main__:generate_forecast:253 -   Std: 0.04
2025-05-29 00:20:42.872 | INFO     | __main__:generate_forecast:254 -   Min: 0.31
2025-05-29 00:20:42.872 | INFO     | __main__:generate_forecast:255 -   Max: 5.48
2025-05-29 00:20:43.003 | INFO     | __main__:main:360 - Results for BurnRate:
2025-05-29 00:20:43.004 | INFO     | __main__:main:362 -   xgb:
2025-05-29 00:20:43.004 | INFO     | __main__:main:364 -     r2_score: 0.1211
2025-05-29 00:20:43.004 | INFO     | __main__:main:364 -     mse: 12.5366
2025-05-29 00:20:43.004 | INFO     | __main__:main:364 -     mae: 3.0906
2025-05-29 00:20:43.004 | INFO     | __main__:main:362 -   rf:
2025-05-29 00:20:43.004 | INFO     | __main__:main:364 -     r2_score: 0.1133
2025-05-29 00:20:43.004 | INFO     | __main__:main:364 -     mse: 12.6487
2025-05-29 00:20:43.004 | INFO     | __main__:main:364 -     mae: 3.1416
2025-05-29 00:20:43.004 | INFO     | __main__:main:362 -   lr:
2025-05-29 00:20:43.004 | INFO     | __main__:main:364 -     r2_score: 0.1453
2025-05-29 00:20:43.004 | INFO     | __main__:main:364 -     mse: 12.1917
2025-05-29 00:20:43.004 | INFO     | __main__:main:364 -     mae: 3.0742
2025-05-29 00:20:43.004 | INFO     | __main__:main:336 - 
Processing feature: Vibration
2025-05-29 00:20:43.049 | INFO     | __main__:train_models:108 - Training models for Vibration
2025-05-29 00:20:43.050 | INFO     | __main__:train_models:118 - Training xgb for Vibration
2025-05-29 00:20:43.458 | INFO     | __main__:train_models:118 - Training rf for Vibration
2025-05-29 00:23:11.843 | INFO     | __main__:train_models:118 - Training lr for Vibration
2025-05-29 00:23:11.865 | INFO     | __main__:train_models:134 - Completed training all models for Vibration
2025-05-29 00:23:12.818 | INFO     | __main__:evaluate_models:167 - Selected top 2 models for Vibration:
2025-05-29 00:23:12.819 | INFO     | __main__:evaluate_models:169 -   lr: MSE = 0.0058, R² = 0.1396
2025-05-29 00:23:12.819 | INFO     | __main__:evaluate_models:169 -   xgb: MSE = 0.0060, R² = 0.1093
2025-05-29 00:23:13.314 | INFO     | __main__:plot_predictions:301 - Prediction statistics for Vibration (original scale):
2025-05-29 00:23:13.315 | INFO     | __main__:plot_predictions:310 -   lr:
2025-05-29 00:23:13.315 | INFO     | __main__:plot_predictions:312 -     r2_score: -4.9238
2025-05-29 00:23:13.315 | INFO     | __main__:plot_predictions:312 -     mse: 0.0398
2025-05-29 00:23:13.315 | INFO     | __main__:plot_predictions:312 -     mae: 0.1844
2025-05-29 00:23:13.316 | INFO     | __main__:plot_predictions:310 -   xgb:
2025-05-29 00:23:13.316 | INFO     | __main__:plot_predictions:312 -     r2_score: -4.9526
2025-05-29 00:23:13.316 | INFO     | __main__:plot_predictions:312 -     mse: 0.0400
2025-05-29 00:23:13.316 | INFO     | __main__:plot_predictions:312 -     mae: 0.1847
2025-05-29 00:23:13.316 | INFO     | __main__:generate_forecast:177 - Generating 20160-step forecast for Vibration
2025-05-29 00:23:13.480 | INFO     | __main__:generate_forecast:203 - Generating forecast using lr model
2025-05-29 00:23:27.344 | INFO     | __main__:generate_forecast:251 - Forecast statistics for lr (original scale):
2025-05-29 00:23:27.344 | INFO     | __main__:generate_forecast:252 -   Mean: -0.18
2025-05-29 00:23:27.345 | INFO     | __main__:generate_forecast:253 -   Std: 0.01
2025-05-29 00:23:27.345 | INFO     | __main__:generate_forecast:254 -   Min: -0.18
2025-05-29 00:23:27.345 | INFO     | __main__:generate_forecast:255 -   Max: -0.00
2025-05-29 00:23:27.345 | INFO     | __main__:generate_forecast:203 - Generating forecast using xgb model
2025-05-29 00:23:44.145 | INFO     | __main__:generate_forecast:251 - Forecast statistics for xgb (original scale):
2025-05-29 00:23:44.145 | INFO     | __main__:generate_forecast:252 -   Mean: -0.04
2025-05-29 00:23:44.146 | INFO     | __main__:generate_forecast:253 -   Std: 0.01
2025-05-29 00:23:44.146 | INFO     | __main__:generate_forecast:254 -   Min: -0.08
2025-05-29 00:23:44.146 | INFO     | __main__:generate_forecast:255 -   Max: -0.01
2025-05-29 00:23:44.339 | INFO     | __main__:main:360 - Results for Vibration:
2025-05-29 00:23:44.339 | INFO     | __main__:main:362 -   xgb:
2025-05-29 00:23:44.339 | INFO     | __main__:main:364 -     r2_score: 0.1093
2025-05-29 00:23:44.339 | INFO     | __main__:main:364 -     mse: 0.0060
2025-05-29 00:23:44.339 | INFO     | __main__:main:364 -     mae: 0.0620
2025-05-29 00:23:44.339 | INFO     | __main__:main:362 -   rf:
2025-05-29 00:23:44.339 | INFO     | __main__:main:364 -     r2_score: 0.1081
2025-05-29 00:23:44.339 | INFO     | __main__:main:364 -     mse: 0.0060
2025-05-29 00:23:44.340 | INFO     | __main__:main:364 -     mae: 0.0623
2025-05-29 00:23:44.340 | INFO     | __main__:main:362 -   lr:
2025-05-29 00:23:44.340 | INFO     | __main__:main:364 -     r2_score: 0.1396
2025-05-29 00:23:44.340 | INFO     | __main__:main:364 -     mse: 0.0058
2025-05-29 00:23:44.340 | INFO     | __main__:main:364 -     mae: 0.0612
2025-05-29 00:23:44.340 | INFO     | __main__:main:336 - 
Processing feature: EGOVoltage
2025-05-29 00:23:44.383 | INFO     | __main__:train_models:108 - Training models for EGOVoltage
2025-05-29 00:23:44.384 | INFO     | __main__:train_models:118 - Training xgb for EGOVoltage
2025-05-29 00:23:44.589 | INFO     | __main__:train_models:118 - Training rf for EGOVoltage
2025-05-29 00:23:46.795 | INFO     | __main__:train_models:118 - Training lr for EGOVoltage
2025-05-29 00:23:46.811 | INFO     | __main__:train_models:134 - Completed training all models for EGOVoltage
2025-05-29 00:23:46.845 | INFO     | __main__:evaluate_models:167 - Selected top 2 models for EGOVoltage:
2025-05-29 00:23:46.845 | INFO     | __main__:evaluate_models:169 -   lr: MSE = 0.0001, R² = 0.1386
2025-05-29 00:23:46.846 | INFO     | __main__:evaluate_models:169 -   xgb: MSE = 0.0001, R² = 0.1385
2025-05-29 00:23:47.094 | INFO     | __main__:plot_predictions:301 - Prediction statistics for EGOVoltage (original scale):
2025-05-29 00:23:47.096 | INFO     | __main__:plot_predictions:310 -   lr:
2025-05-29 00:23:47.096 | INFO     | __main__:plot_predictions:312 -     r2_score: -60.0916
2025-05-29 00:23:47.096 | INFO     | __main__:plot_predictions:312 -     mse: 0.0068
2025-05-29 00:23:47.096 | INFO     | __main__:plot_predictions:312 -     mae: 0.0825
2025-05-29 00:23:47.097 | INFO     | __main__:plot_predictions:310 -   xgb:
2025-05-29 00:23:47.097 | INFO     | __main__:plot_predictions:312 -     r2_score: -60.0910
2025-05-29 00:23:47.097 | INFO     | __main__:plot_predictions:312 -     mse: 0.0068
2025-05-29 00:23:47.097 | INFO     | __main__:plot_predictions:312 -     mae: 0.0825
2025-05-29 00:23:47.097 | INFO     | __main__:generate_forecast:177 - Generating 20160-step forecast for EGOVoltage
2025-05-29 00:23:47.263 | INFO     | __main__:generate_forecast:203 - Generating forecast using lr model
2025-05-29 00:24:01.133 | INFO     | __main__:generate_forecast:251 - Forecast statistics for lr (original scale):
2025-05-29 00:24:01.133 | INFO     | __main__:generate_forecast:252 -   Mean: 0.39
2025-05-29 00:24:01.133 | INFO     | __main__:generate_forecast:253 -   Std: 0.07
2025-05-29 00:24:01.133 | INFO     | __main__:generate_forecast:254 -   Min: 0.30
2025-05-29 00:24:01.133 | INFO     | __main__:generate_forecast:255 -   Max: 0.45
2025-05-29 00:24:01.133 | INFO     | __main__:generate_forecast:203 - Generating forecast using xgb model
2025-05-29 00:24:17.709 | INFO     | __main__:generate_forecast:251 - Forecast statistics for xgb (original scale):
2025-05-29 00:24:17.709 | INFO     | __main__:generate_forecast:252 -   Mean: 0.43
2025-05-29 00:24:17.709 | INFO     | __main__:generate_forecast:253 -   Std: 0.00
2025-05-29 00:24:17.709 | INFO     | __main__:generate_forecast:254 -   Min: 0.43
2025-05-29 00:24:17.709 | INFO     | __main__:generate_forecast:255 -   Max: 0.43
2025-05-29 00:24:17.998 | INFO     | __main__:main:360 - Results for EGOVoltage:
2025-05-29 00:24:17.998 | INFO     | __main__:main:362 -   xgb:
2025-05-29 00:24:17.998 | INFO     | __main__:main:364 -     r2_score: 0.1385
2025-05-29 00:24:17.998 | INFO     | __main__:main:364 -     mse: 0.0001
2025-05-29 00:24:17.998 | INFO     | __main__:main:364 -     mae: 0.0013
2025-05-29 00:24:17.998 | INFO     | __main__:main:362 -   rf:
2025-05-29 00:24:17.998 | INFO     | __main__:main:364 -     r2_score: 0.1371
2025-05-29 00:24:17.999 | INFO     | __main__:main:364 -     mse: 0.0001
2025-05-29 00:24:17.999 | INFO     | __main__:main:364 -     mae: 0.0013
2025-05-29 00:24:17.999 | INFO     | __main__:main:362 -   lr:
2025-05-29 00:24:17.999 | INFO     | __main__:main:364 -     r2_score: 0.1386
2025-05-29 00:24:17.999 | INFO     | __main__:main:364 -     mse: 0.0001
2025-05-29 00:24:17.999 | INFO     | __main__:main:364 -     mae: 0.0013
2025-05-29 00:24:17.999 | INFO     | __main__:main:336 - 
Processing feature: TempSensor
2025-05-29 00:24:18.044 | INFO     | __main__:train_models:108 - Training models for TempSensor
2025-05-29 00:24:18.044 | INFO     | __main__:train_models:118 - Training xgb for TempSensor
2025-05-29 00:24:18.424 | INFO     | __main__:train_models:118 - Training rf for TempSensor
2025-05-29 00:26:40.913 | INFO     | __main__:train_models:118 - Training lr for TempSensor
2025-05-29 00:26:40.934 | INFO     | __main__:train_models:134 - Completed training all models for TempSensor
2025-05-29 00:26:41.913 | INFO     | __main__:evaluate_models:167 - Selected top 2 models for TempSensor:
2025-05-29 00:26:41.913 | INFO     | __main__:evaluate_models:169 -   lr: MSE = 65.3867, R² = 0.1442
2025-05-29 00:26:41.913 | INFO     | __main__:evaluate_models:169 -   xgb: MSE = 67.1597, R² = 0.1210
2025-05-29 00:26:42.220 | INFO     | __main__:plot_predictions:301 - Prediction statistics for TempSensor (original scale):
2025-05-29 00:26:42.221 | INFO     | __main__:plot_predictions:310 -   lr:
2025-05-29 00:26:42.221 | INFO     | __main__:plot_predictions:312 -     r2_score: -218300.1240
2025-05-29 00:26:42.221 | INFO     | __main__:plot_predictions:312 -     mse: 16678853.0800
2025-05-29 00:26:42.221 | INFO     | __main__:plot_predictions:312 -     mae: 4081.5960
2025-05-29 00:26:42.222 | INFO     | __main__:plot_predictions:310 -   xgb:
2025-05-29 00:26:42.222 | INFO     | __main__:plot_predictions:312 -     r2_score: -218336.7014
2025-05-29 00:26:42.222 | INFO     | __main__:plot_predictions:312 -     mse: 16681647.7028
2025-05-29 00:26:42.222 | INFO     | __main__:plot_predictions:312 -     mae: 4081.4932
2025-05-29 00:26:42.222 | INFO     | __main__:generate_forecast:177 - Generating 20160-step forecast for TempSensor
2025-05-29 00:26:42.390 | INFO     | __main__:generate_forecast:203 - Generating forecast using lr model
2025-05-29 00:26:56.238 | INFO     | __main__:generate_forecast:251 - Forecast statistics for lr (original scale):
2025-05-29 00:26:56.238 | INFO     | __main__:generate_forecast:252 -   Mean: 76.81
2025-05-29 00:26:56.238 | INFO     | __main__:generate_forecast:253 -   Std: 1.57
2025-05-29 00:26:56.238 | INFO     | __main__:generate_forecast:254 -   Min: 76.75
2025-05-29 00:26:56.238 | INFO     | __main__:generate_forecast:255 -   Max: 119.91
2025-05-29 00:26:56.238 | INFO     | __main__:generate_forecast:203 - Generating forecast using xgb model
2025-05-29 00:31:40.852 | INFO     | __main__:generate_forecast:251 - Forecast statistics for xgb (original scale):
2025-05-29 00:31:40.923 | INFO     | __main__:generate_forecast:252 -   Mean: 84.75
2025-05-29 00:31:40.923 | INFO     | __main__:generate_forecast:253 -   Std: 0.49
2025-05-29 00:31:40.923 | INFO     | __main__:generate_forecast:254 -   Min: 84.11
2025-05-29 00:31:40.923 | INFO     | __main__:generate_forecast:255 -   Max: 87.39
2025-05-29 00:31:41.276 | INFO     | __main__:main:360 - Results for TempSensor:
2025-05-29 00:31:41.276 | INFO     | __main__:main:362 -   xgb:
2025-05-29 00:31:41.276 | INFO     | __main__:main:364 -     r2_score: 0.1210
2025-05-29 00:31:41.276 | INFO     | __main__:main:364 -     mse: 67.1597
2025-05-29 00:31:41.277 | INFO     | __main__:main:364 -     mae: 6.9015
2025-05-29 00:31:41.277 | INFO     | __main__:main:362 -   rf:
2025-05-29 00:31:41.277 | INFO     | __main__:main:364 -     r2_score: 0.1162
2025-05-29 00:31:41.277 | INFO     | __main__:main:364 -     mse: 67.5236
2025-05-29 00:31:41.277 | INFO     | __main__:main:364 -     mae: 6.9337
2025-05-29 00:31:41.312 | INFO     | __main__:main:362 -   lr:
2025-05-29 00:31:41.312 | INFO     | __main__:main:364 -     r2_score: 0.1442
2025-05-29 00:31:41.312 | INFO     | __main__:main:364 -     mse: 65.3867
2025-05-29 00:31:41.312 | INFO     | __main__:main:364 -     mae: 6.8415
2025-05-29 00:31:41.526 | INFO     | __main__:main:367 - Saved all models
2025-05-29 11:50:48.587 | INFO     | __main__:main:361 - Loading data from CSV file
2025-05-29 11:50:48.828 | INFO     | __main__:main:367 - Loaded data shape: (172800, 9)
2025-05-29 11:50:48.876 | INFO     | __main__:main:380 - 
Processing feature: RPM
2025-05-29 11:50:48.957 | INFO     | __main__:prepare_features:69 - Dropped 1440 rows due to NaN values for RPM
2025-05-29 11:50:48.968 | INFO     | __main__:train_models:114 - Training SARIMAX for RPM
2025-05-29 12:13:14.305 | INFO     | __main__:main:290 - Loading data from CSV file
2025-05-29 12:13:14.324 | INFO     | __main__:main:296 - Loaded data shape: (10944, 9)
2025-05-29 12:13:14.329 | INFO     | __main__:main:309 - 
Processing feature: RPM
2025-05-29 12:13:14.334 | INFO     | __main__:prepare_features:63 - Dropped 24 rows due to NaN values for RPM
2025-05-29 12:13:14.335 | INFO     | __main__:train_models:108 - Training SARIMAX for RPM
2025-05-29 12:18:17.433 | INFO     | __main__:train_models:150 - Completed training SARIMAX for RPM
2025-05-29 12:18:17.510 | INFO     | __main__:evaluate_models:191 - Metrics for RPM (SARIMAX):
2025-05-29 12:18:17.510 | INFO     | __main__:evaluate_models:193 -   r2_score: 0.8594
2025-05-29 12:18:17.510 | INFO     | __main__:evaluate_models:193 -   mse: 18723.9622
2025-05-29 12:18:17.510 | INFO     | __main__:evaluate_models:193 -   mae: 110.9924
2025-05-29 12:18:17.649 | INFO     | __main__:plot_predictions:274 - Prediction statistics for RPM (original scale):
2025-05-29 12:18:17.649 | INFO     | __main__:plot_predictions:283 -   sarimax:
2025-05-29 12:18:17.649 | INFO     | __main__:plot_predictions:285 -     r2_score: 0.8594
2025-05-29 12:18:17.649 | INFO     | __main__:plot_predictions:285 -     mse: 18723.9622
2025-05-29 12:18:17.649 | INFO     | __main__:plot_predictions:285 -     mae: 110.9924
2025-05-29 12:18:17.650 | INFO     | __main__:generate_forecast:201 - Generating 24-step forecast for RPM
2025-05-29 12:18:17.654 | ERROR    | __main__:generate_forecast:235 - Forecast error for SARIMAX: "['RPM_lag_1', 'RPM_lag_2', 'RPM_lag_3', 'RPM_lag_24', 'RPM_rolling_mean_3', 'RPM_rolling_mean_6', 'RPM_diff_1'] not in index"
2025-05-29 12:18:17.726 | INFO     | __main__:main:329 - Results for RPM:
2025-05-29 12:18:17.726 | INFO     | __main__:main:331 -   sarimax:
2025-05-29 12:18:17.726 | INFO     | __main__:main:333 -     r2_score: 0.8594
2025-05-29 12:18:17.726 | INFO     | __main__:main:333 -     mse: 18723.9622
2025-05-29 12:18:17.726 | INFO     | __main__:main:333 -     mae: 110.9924
2025-05-29 12:18:17.726 | INFO     | __main__:main:309 - 
Processing feature: CylinderPressure
2025-05-29 12:18:17.730 | INFO     | __main__:prepare_features:63 - Dropped 24 rows due to NaN values for CylinderPressure
2025-05-29 12:18:17.731 | INFO     | __main__:train_models:108 - Training SARIMAX for CylinderPressure
2025-05-29 12:23:26.216 | INFO     | __main__:train_models:150 - Completed training SARIMAX for CylinderPressure
2025-05-29 12:23:26.315 | INFO     | __main__:evaluate_models:191 - Metrics for CylinderPressure (SARIMAX):
2025-05-29 12:23:26.315 | INFO     | __main__:evaluate_models:193 -   r2_score: -1.0969
2025-05-29 12:23:26.315 | INFO     | __main__:evaluate_models:193 -   mse: 48.1035
2025-05-29 12:23:26.315 | INFO     | __main__:evaluate_models:193 -   mae: 5.6024
2025-05-29 12:23:26.491 | INFO     | __main__:plot_predictions:274 - Prediction statistics for CylinderPressure (original scale):
2025-05-29 12:23:26.492 | INFO     | __main__:plot_predictions:283 -   sarimax:
2025-05-29 12:23:26.492 | INFO     | __main__:plot_predictions:285 -     r2_score: -1.0969
2025-05-29 12:23:26.492 | INFO     | __main__:plot_predictions:285 -     mse: 48.1035
2025-05-29 12:23:26.492 | INFO     | __main__:plot_predictions:285 -     mae: 5.6024
2025-05-29 12:23:26.492 | INFO     | __main__:generate_forecast:201 - Generating 24-step forecast for CylinderPressure
2025-05-29 12:23:26.494 | ERROR    | __main__:generate_forecast:235 - Forecast error for SARIMAX: "['CylinderPressure_lag_1', 'CylinderPressure_lag_2', 'CylinderPressure_lag_3', 'CylinderPressure_lag_24', 'CylinderPressure_rolling_mean_3', 'CylinderPressure_rolling_mean_6', 'CylinderPressure_diff_1'] not in index"
2025-05-29 12:23:26.598 | INFO     | __main__:main:329 - Results for CylinderPressure:
2025-05-29 12:23:26.599 | INFO     | __main__:main:331 -   sarimax:
2025-05-29 12:23:26.599 | INFO     | __main__:main:333 -     r2_score: -1.0969
2025-05-29 12:23:26.599 | INFO     | __main__:main:333 -     mse: 48.1035
2025-05-29 12:23:26.599 | INFO     | __main__:main:333 -     mae: 5.6024
2025-05-29 12:23:26.599 | INFO     | __main__:main:309 - 
Processing feature: BurnRate
2025-05-29 12:23:26.603 | INFO     | __main__:prepare_features:63 - Dropped 24 rows due to NaN values for BurnRate
2025-05-29 12:23:26.604 | INFO     | __main__:train_models:108 - Training SARIMAX for BurnRate
2025-05-29 12:24:48.869 | INFO     | __main__:train_models:150 - Completed training SARIMAX for BurnRate
2025-05-29 12:24:48.980 | INFO     | __main__:evaluate_models:191 - Metrics for BurnRate (SARIMAX):
2025-05-29 12:24:48.980 | INFO     | __main__:evaluate_models:193 -   r2_score: -1.0525
2025-05-29 12:24:48.980 | INFO     | __main__:evaluate_models:193 -   mse: 28.7837
2025-05-29 12:24:48.980 | INFO     | __main__:evaluate_models:193 -   mae: 4.3388
2025-05-29 12:24:49.200 | INFO     | __main__:plot_predictions:274 - Prediction statistics for BurnRate (original scale):
2025-05-29 12:24:49.200 | INFO     | __main__:plot_predictions:283 -   sarimax:
2025-05-29 12:24:49.200 | INFO     | __main__:plot_predictions:285 -     r2_score: -1.0525
2025-05-29 12:24:49.200 | INFO     | __main__:plot_predictions:285 -     mse: 28.7837
2025-05-29 12:24:49.200 | INFO     | __main__:plot_predictions:285 -     mae: 4.3388
2025-05-29 12:24:49.201 | INFO     | __main__:generate_forecast:201 - Generating 24-step forecast for BurnRate
2025-05-29 12:24:49.203 | ERROR    | __main__:generate_forecast:235 - Forecast error for SARIMAX: "['BurnRate_lag_1', 'BurnRate_lag_2', 'BurnRate_lag_3', 'BurnRate_lag_24', 'BurnRate_rolling_mean_3', 'BurnRate_rolling_mean_6', 'BurnRate_diff_1'] not in index"
2025-05-29 12:24:49.280 | INFO     | __main__:main:329 - Results for BurnRate:
2025-05-29 12:24:49.280 | INFO     | __main__:main:331 -   sarimax:
2025-05-29 12:24:49.280 | INFO     | __main__:main:333 -     r2_score: -1.0525
2025-05-29 12:24:49.280 | INFO     | __main__:main:333 -     mse: 28.7837
2025-05-29 12:24:49.280 | INFO     | __main__:main:333 -     mae: 4.3388
2025-05-29 12:24:49.280 | INFO     | __main__:main:309 - 
Processing feature: Vibration
2025-05-29 12:24:49.284 | INFO     | __main__:prepare_features:63 - Dropped 24 rows due to NaN values for Vibration
2025-05-29 12:24:49.285 | INFO     | __main__:train_models:108 - Training SARIMAX for Vibration
2025-05-29 12:26:57.804 | INFO     | __main__:train_models:150 - Completed training SARIMAX for Vibration
2025-05-29 12:26:57.922 | INFO     | __main__:evaluate_models:191 - Metrics for Vibration (SARIMAX):
2025-05-29 12:26:57.922 | INFO     | __main__:evaluate_models:193 -   r2_score: -0.9868
2025-05-29 12:26:57.922 | INFO     | __main__:evaluate_models:193 -   mse: 0.0131
2025-05-29 12:26:57.922 | INFO     | __main__:evaluate_models:193 -   mae: 0.0888
2025-05-29 12:26:58.078 | INFO     | __main__:plot_predictions:274 - Prediction statistics for Vibration (original scale):
2025-05-29 12:26:58.078 | INFO     | __main__:plot_predictions:283 -   sarimax:
2025-05-29 12:26:58.079 | INFO     | __main__:plot_predictions:285 -     r2_score: -0.9868
2025-05-29 12:26:58.079 | INFO     | __main__:plot_predictions:285 -     mse: 0.0131
2025-05-29 12:26:58.079 | INFO     | __main__:plot_predictions:285 -     mae: 0.0888
2025-05-29 12:26:58.079 | INFO     | __main__:generate_forecast:201 - Generating 24-step forecast for Vibration
2025-05-29 12:26:58.083 | ERROR    | __main__:generate_forecast:235 - Forecast error for SARIMAX: "['Vibration_lag_1', 'Vibration_lag_2', 'Vibration_lag_3', 'Vibration_lag_24', 'Vibration_rolling_mean_3', 'Vibration_rolling_mean_6', 'Vibration_diff_1'] not in index"
2025-05-29 12:26:58.160 | INFO     | __main__:main:329 - Results for Vibration:
2025-05-29 12:26:58.160 | INFO     | __main__:main:331 -   sarimax:
2025-05-29 12:26:58.160 | INFO     | __main__:main:333 -     r2_score: -0.9868
2025-05-29 12:26:58.160 | INFO     | __main__:main:333 -     mse: 0.0131
2025-05-29 12:26:58.160 | INFO     | __main__:main:333 -     mae: 0.0888
2025-05-29 12:26:58.160 | INFO     | __main__:main:309 - 
Processing feature: EGOVoltage
2025-05-29 12:26:58.165 | INFO     | __main__:prepare_features:63 - Dropped 24 rows due to NaN values for EGOVoltage
2025-05-29 12:26:58.167 | INFO     | __main__:train_models:108 - Training SARIMAX for EGOVoltage
2025-05-29 12:30:46.179 | INFO     | __main__:main:341 - Loading data from CSV file
2025-05-29 12:30:46.198 | INFO     | __main__:main:347 - Loaded data shape: (10944, 9)
2025-05-29 12:30:46.201 | INFO     | __main__:main:360 - 
Processing feature: RPM
2025-05-29 12:30:46.206 | INFO     | __main__:prepare_features:63 - Dropped 24 rows due to NaN values for RPM
2025-05-29 12:30:46.208 | INFO     | __main__:train_models:108 - Training SARIMAX for RPM
2025-05-29 12:35:47.910 | INFO     | __main__:train_models:150 - Completed training SARIMAX for RPM
2025-05-29 12:35:47.985 | INFO     | __main__:evaluate_models:191 - Metrics for RPM (SARIMAX):
2025-05-29 12:35:47.985 | INFO     | __main__:evaluate_models:193 -   r2_score: 0.8594
2025-05-29 12:35:47.985 | INFO     | __main__:evaluate_models:193 -   mse: 18723.9622
2025-05-29 12:35:47.985 | INFO     | __main__:evaluate_models:193 -   mae: 110.9924
2025-05-29 12:35:48.131 | INFO     | __main__:plot_predictions:325 - Prediction statistics for RPM (original scale):
2025-05-29 12:35:48.131 | INFO     | __main__:plot_predictions:334 -   sarimax:
2025-05-29 12:35:48.132 | INFO     | __main__:plot_predictions:336 -     r2_score: 0.8594
2025-05-29 12:35:48.132 | INFO     | __main__:plot_predictions:336 -     mse: 18723.9622
2025-05-29 12:35:48.132 | INFO     | __main__:plot_predictions:336 -     mae: 110.9924
2025-05-29 12:35:48.132 | INFO     | __main__:generate_forecast:201 - Generating 24-step forecast for RPM
